2021-03-18 21:11:05.304099 clear
2021-03-18 21:11:07.603195 add
2021-03-18 21:11:12.022448 history
2021-03-18 21:11:46.785104 clear
2021-03-18 21:11:48.541183 add
2021-03-18 21:11:50.965649 history
2021-03-18 21:12:29.573897 clear
2021-03-18 21:12:30.779114 add
2021-03-18 21:12:33.304711 history
2021-03-18 21:12:39.855751 save
2021-03-18 21:22:53.614471 clear
2021-03-18 21:22:55.168069 add
2021-03-18 21:22:58.519587 save
2021-03-18 21:23:14.549049 history'
2021-03-18 21:23:52.774912 clear
2021-03-18 21:23:54.632943 load
2021-03-18 21:24:00.456321 history
2021-03-18 21:26:56.859140 clear
2021-03-18 21:26:58.506612 load
2021-03-18 21:27:03.498322 history
2021-03-18 21:27:08.876854 subtract
2021-03-18 21:27:11.955111 save
2021-03-18 21:31:21.234118 clear
2021-03-18 21:31:23.953477 load
2021-03-18 21:31:34.358992 clear
2021-03-18 21:31:36.247992 load
2021-03-18 21:31:44.976721 save history report
2021-03-19 10:44:02.015911 clear
2021-03-19 10:44:03.289404 add
2021-03-19 10:44:05.999851 history
2021-03-19 10:44:08.641617 q
2021-03-19 10:44:18.392782 clear
2021-03-19 10:44:21.619169 history
2021-03-19 10:45:32.090191 clear
2021-03-19 10:45:35.338282 history
2021-03-19 10:45:54.524050 clear
2021-03-19 10:45:56.564719 add
2021-03-19 10:49:05.570385 clear
2021-03-19 10:49:08.621331 add
2021-03-19 10:49:13.836360 clear
2021-03-19 10:49:16.003437 history
2021-03-19 10:49:33.102148 clear
2021-03-19 10:49:50.380331 clear
2021-03-19 10:50:58.638988 noop
2021-03-19 10:51:02.689362 history
2021-03-19 10:52:39.294601 noop
2021-03-19 10:52:40.557786 add
2021-03-19 10:52:42.808449 history
2021-03-19 14:08:48.477493 noop
2021-03-19 14:08:51.510237 history
2021-03-19 14:08:59.699037 multiply
2021-03-19 14:09:09.070769 save
2021-03-19 14:09:22.030849 load
2021-03-19 14:09:28.996739 history
